This file contains any messages produced by compilers while
running configure, to aid debugging if configure makes a mistake.

It was created by ion configure open source 3.7.0, which was
generated by GNU Autoconf 2.69.  Invocation command line was

  $ ./configure 

## --------- ##
## Platform. ##
## --------- ##

hostname = ubuntu
uname -m = x86_64
uname -r = 4.4.0-186-generic
uname -s = Linux
uname -v = #216-Ubuntu SMP Wed Jul 1 05:34:05 UTC 2020

/usr/bin/uname -p = unknown
/bin/uname -X     = unknown

/bin/arch              = unknown
/usr/bin/arch -k       = unknown
/usr/convex/getsysinfo = unknown
/usr/bin/hostinfo      = unknown
/bin/machine           = unknown
/usr/bin/oslevel       = unknown
/bin/universe          = unknown

PATH: /home/hoyeonjigi/bin
PATH: /home/hoyeonjigi/.local/bin
PATH: /usr/local/sbin
PATH: /usr/local/bin
PATH: /usr/sbin
PATH: /usr/bin
PATH: /sbin
PATH: /bin
PATH: /usr/games
PATH: /usr/local/games
PATH: /snap/bin


## ----------- ##
## Core tests. ##
## ----------- ##

configure:2400: checking for a BSD-compatible install
configure:2468: result: /usr/bin/install -c
configure:2479: checking whether build environment is sane
configure:2534: result: yes
configure:2685: checking for a thread-safe mkdir -p
configure:2724: result: /bin/mkdir -p
configure:2731: checking for gawk
configure:2747: found /usr/bin/gawk
configure:2758: result: gawk
configure:2769: checking whether make sets $(MAKE)
configure:2791: result: yes
configure:2820: checking whether make supports nested variables
configure:2837: result: yes
configure:3020: checking for gcc
configure:3036: found /usr/bin/gcc
configure:3047: result: gcc
configure:3276: checking for C compiler version
configure:3285: gcc --version >&5
gcc (Ubuntu 5.4.0-6ubuntu1~16.04.12) 5.4.0 20160609
Copyright (C) 2015 Free Software Foundation, Inc.
This is free software; see the source for copying conditions.  There is NO
warranty; not even for MERCHANTABILITY or FITNESS FOR A PARTICULAR PURPOSE.

configure:3296: $? = 0
configure:3285: gcc -v >&5
Using built-in specs.
COLLECT_GCC=gcc
COLLECT_LTO_WRAPPER=/usr/lib/gcc/x86_64-linux-gnu/5/lto-wrapper
Target: x86_64-linux-gnu
Configured with: ../src/configure -v --with-pkgversion='Ubuntu 5.4.0-6ubuntu1~16.04.12' --with-bugurl=file:///usr/share/doc/gcc-5/README.Bugs --enable-languages=c,ada,c++,java,go,d,fortran,objc,obj-c++ --prefix=/usr --program-suffix=-5 --enable-shared --enable-linker-build-id --libexecdir=/usr/lib --without-included-gettext --enable-threads=posix --libdir=/usr/lib --enable-nls --with-sysroot=/ --enable-clocale=gnu --enable-libstdcxx-debug --enable-libstdcxx-time=yes --with-default-libstdcxx-abi=new --enable-gnu-unique-object --disable-vtable-verify --enable-libmpx --enable-plugin --with-system-zlib --disable-browser-plugin --enable-java-awt=gtk --enable-gtk-cairo --with-java-home=/usr/lib/jvm/java-1.5.0-gcj-5-amd64/jre --enable-java-home --with-jvm-root-dir=/usr/lib/jvm/java-1.5.0-gcj-5-amd64 --with-jvm-jar-dir=/usr/lib/jvm-exports/java-1.5.0-gcj-5-amd64 --with-arch-directory=amd64 --with-ecj-jar=/usr/share/java/eclipse-ecj.jar --enable-objc-gc --enable-multiarch --disable-werror --with-arch-32=i686 --with-abi=m64 --with-multilib-list=m32,m64,mx32 --enable-multilib --with-tune=generic --enable-checking=release --build=x86_64-linux-gnu --host=x86_64-linux-gnu --target=x86_64-linux-gnu
Thread model: posix
gcc version 5.4.0 20160609 (Ubuntu 5.4.0-6ubuntu1~16.04.12) 
configure:3296: $? = 0
configure:3285: gcc -V >&5
gcc: error: unrecognized command line option '-V'
gcc: fatal error: no input files
compilation terminated.
configure:3296: $? = 1
configure:3285: gcc -qversion >&5
gcc: error: unrecognized command line option '-qversion'
gcc: fatal error: no input files
compilation terminated.
configure:3296: $? = 1
configure:3316: checking whether the C compiler works
configure:3338: gcc    conftest.c  >&5
configure:3342: $? = 0
configure:3390: result: yes
configure:3393: checking for C compiler default output file name
configure:3395: result: a.out
configure:3401: checking for suffix of executables
configure:3408: gcc -o conftest    conftest.c  >&5
configure:3412: $? = 0
configure:3434: result: 
configure:3456: checking whether we are cross compiling
configure:3464: gcc -o conftest    conftest.c  >&5
configure:3468: $? = 0
configure:3475: ./conftest
configure:3479: $? = 0
configure:3494: result: no
configure:3499: checking for suffix of object files
configure:3521: gcc -c   conftest.c >&5
configure:3525: $? = 0
configure:3546: result: o
configure:3550: checking whether we are using the GNU C compiler
configure:3569: gcc -c   conftest.c >&5
configure:3569: $? = 0
configure:3578: result: yes
configure:3587: checking whether gcc accepts -g
configure:3607: gcc -c -g  conftest.c >&5
configure:3607: $? = 0
configure:3648: result: yes
configure:3665: checking for gcc option to accept ISO C89
configure:3728: gcc  -c -g -O2  conftest.c >&5
configure:3728: $? = 0
configure:3741: result: none needed
configure:3766: checking whether gcc understands -c and -o together
configure:3788: gcc -c conftest.c -o conftest2.o
configure:3791: $? = 0
configure:3788: gcc -c conftest.c -o conftest2.o
configure:3791: $? = 0
configure:3803: result: yes
configure:3831: checking for style of include used by make
configure:3859: result: GNU
configure:3885: checking dependency style of gcc
configure:3996: result: gcc3
configure:4063: checking for ar
configure:4079: found /usr/bin/ar
configure:4090: result: ar
configure:4116: checking the archiver (ar) interface
configure:4132: gcc -c -g -O2  conftest.c >&5
configure:4132: $? = 0
configure:4134: ar cru libconftest.a conftest.o >&5
ar: `u' modifier ignored since `D' is the default (see `U')
configure:4137: $? = 0
configure:4165: result: ar
configure:4214: checking build system type
configure:4228: result: x86_64-pc-linux-gnu
configure:4248: checking host system type
configure:4261: result: x86_64-pc-linux-gnu
configure:4302: checking how to print strings
configure:4329: result: printf
configure:4350: checking for a sed that does not truncate output
configure:4414: result: /bin/sed
configure:4432: checking for grep that handles long lines and -e
configure:4490: result: /bin/grep
configure:4495: checking for egrep
configure:4557: result: /bin/grep -E
configure:4562: checking for fgrep
configure:4624: result: /bin/grep -F
configure:4659: checking for ld used by gcc
configure:4726: result: /usr/bin/ld
configure:4733: checking if the linker (/usr/bin/ld) is GNU ld
configure:4748: result: yes
configure:4760: checking for BSD- or MS-compatible name lister (nm)
configure:4814: result: /usr/bin/nm -B
configure:4944: checking the name lister (/usr/bin/nm -B) interface
configure:4951: gcc -c -g -O2  conftest.c >&5
configure:4954: /usr/bin/nm -B "conftest.o"
configure:4957: output
0000000000000000 B some_variable
configure:4964: result: BSD nm
configure:4967: checking whether ln -s works
configure:4971: result: yes
configure:4979: checking the maximum length of command line arguments
configure:5110: result: 1572864
configure:5158: checking how to convert x86_64-pc-linux-gnu file names to x86_64-pc-linux-gnu format
configure:5198: result: func_convert_file_noop
configure:5205: checking how to convert x86_64-pc-linux-gnu file names to toolchain format
configure:5225: result: func_convert_file_noop
configure:5232: checking for /usr/bin/ld option to reload object files
configure:5239: result: -r
configure:5313: checking for objdump
configure:5329: found /usr/bin/objdump
configure:5340: result: objdump
configure:5372: checking how to recognize dependent libraries
configure:5572: result: pass_all
configure:5657: checking for dlltool
configure:5687: result: no
configure:5717: checking how to associate runtime and link libraries
configure:5744: result: printf %s\n
configure:5868: checking for archiver @FILE support
configure:5885: gcc -c -g -O2  conftest.c >&5
configure:5885: $? = 0
configure:5888: ar cru libconftest.a @conftest.lst >&5
ar: `u' modifier ignored since `D' is the default (see `U')
configure:5891: $? = 0
configure:5896: ar cru libconftest.a @conftest.lst >&5
ar: `u' modifier ignored since `D' is the default (see `U')
ar: conftest.o: No such file or directory
configure:5899: $? = 1
configure:5911: result: @
configure:5969: checking for strip
configure:5985: found /usr/bin/strip
configure:5996: result: strip
configure:6068: checking for ranlib
configure:6084: found /usr/bin/ranlib
configure:6095: result: ranlib
configure:6197: checking command to parse /usr/bin/nm -B output from gcc object
configure:6350: gcc -c -g -O2  conftest.c >&5
configure:6353: $? = 0
configure:6357: /usr/bin/nm -B conftest.o \| sed -n -e 's/^.*[ ]\([ABCDGIRSTW][ABCDGIRSTW]*\)[ ][ ]*\([_A-Za-z][_A-Za-z0-9]*\)$/\1 \2 \2/p' | sed '/ __gnu_lto/d' \> conftest.nm
configure:6360: $? = 0
configure:6426: gcc -o conftest -g -O2   conftest.c conftstm.o >&5
configure:6429: $? = 0
configure:6467: result: ok
configure:6514: checking for sysroot
configure:6544: result: no
configure:6551: checking for a working dd
configure:6589: result: /bin/dd
configure:6593: checking how to truncate binary pipes
configure:6608: result: /bin/dd bs=4096 count=1
configure:6744: gcc -c -g -O2  conftest.c >&5
configure:6747: $? = 0
configure:6937: checking for mt
configure:6953: found /bin/mt
configure:6964: result: mt
configure:6987: checking if mt is a manifest tool
configure:6993: mt '-?'
configure:7001: result: no
configure:7678: checking how to run the C preprocessor
configure:7709: gcc -E  conftest.c
configure:7709: $? = 0
configure:7723: gcc -E  conftest.c
conftest.c:11:28: fatal error: ac_nonexistent.h: No such file or directory
compilation terminated.
configure:7723: $? = 1
configure: failed program was:
| /* confdefs.h */
| #define PACKAGE_NAME "ion"
| #define PACKAGE_TARNAME "ion"
| #define PACKAGE_VERSION "open source 3.7.0"
| #define PACKAGE_STRING "ion open source 3.7.0"
| #define PACKAGE_BUGREPORT "http://korgano.eecs.ohiou.edu/mailman/listinfo/ion-bugs"
| #define PACKAGE_URL ""
| #define PACKAGE "ion"
| #define VERSION "open source 3.7.0"
| /* end confdefs.h.  */
| #include <ac_nonexistent.h>
configure:7748: result: gcc -E
configure:7768: gcc -E  conftest.c
configure:7768: $? = 0
configure:7782: gcc -E  conftest.c
conftest.c:11:28: fatal error: ac_nonexistent.h: No such file or directory
compilation terminated.
configure:7782: $? = 1
configure: failed program was:
| /* confdefs.h */
| #define PACKAGE_NAME "ion"
| #define PACKAGE_TARNAME "ion"
| #define PACKAGE_VERSION "open source 3.7.0"
| #define PACKAGE_STRING "ion open source 3.7.0"
| #define PACKAGE_BUGREPORT "http://korgano.eecs.ohiou.edu/mailman/listinfo/ion-bugs"
| #define PACKAGE_URL ""
| #define PACKAGE "ion"
| #define VERSION "open source 3.7.0"
| /* end confdefs.h.  */
| #include <ac_nonexistent.h>
configure:7811: checking for ANSI C header files
configure:7831: gcc -c -g -O2  conftest.c >&5
configure:7831: $? = 0
configure:7904: gcc -o conftest -g -O2   conftest.c  >&5
configure:7904: $? = 0
configure:7904: ./conftest
configure:7904: $? = 0
configure:7915: result: yes
configure:7928: checking for sys/types.h
configure:7928: gcc -c -g -O2  conftest.c >&5
configure:7928: $? = 0
configure:7928: result: yes
configure:7928: checking for sys/stat.h
configure:7928: gcc -c -g -O2  conftest.c >&5
configure:7928: $? = 0
configure:7928: result: yes
configure:7928: checking for stdlib.h
configure:7928: gcc -c -g -O2  conftest.c >&5
configure:7928: $? = 0
configure:7928: result: yes
configure:7928: checking for string.h
configure:7928: gcc -c -g -O2  conftest.c >&5
configure:7928: $? = 0
configure:7928: result: yes
configure:7928: checking for memory.h
configure:7928: gcc -c -g -O2  conftest.c >&5
configure:7928: $? = 0
configure:7928: result: yes
configure:7928: checking for strings.h
configure:7928: gcc -c -g -O2  conftest.c >&5
configure:7928: $? = 0
configure:7928: result: yes
configure:7928: checking for inttypes.h
configure:7928: gcc -c -g -O2  conftest.c >&5
configure:7928: $? = 0
configure:7928: result: yes
configure:7928: checking for stdint.h
configure:7928: gcc -c -g -O2  conftest.c >&5
configure:7928: $? = 0
configure:7928: result: yes
configure:7928: checking for unistd.h
configure:7928: gcc -c -g -O2  conftest.c >&5
configure:7928: $? = 0
configure:7928: result: yes
configure:7942: checking for dlfcn.h
configure:7942: gcc -c -g -O2  conftest.c >&5
configure:7942: $? = 0
configure:7942: result: yes
configure:8198: checking for objdir
configure:8213: result: .libs
configure:8477: checking if gcc supports -fno-rtti -fno-exceptions
configure:8495: gcc -c -g -O2  -fno-rtti -fno-exceptions conftest.c >&5
cc1: warning: command line option '-fno-rtti' is valid for C++/ObjC++ but not for C
configure:8499: $? = 0
configure:8512: result: no
configure:8870: checking for gcc option to produce PIC
configure:8877: result: -fPIC -DPIC
configure:8885: checking if gcc PIC flag -fPIC -DPIC works
configure:8903: gcc -c -g -O2  -fPIC -DPIC -DPIC conftest.c >&5
configure:8907: $? = 0
configure:8920: result: yes
configure:8949: checking if gcc static flag -static works
configure:8977: result: yes
configure:8992: checking if gcc supports -c -o file.o
configure:9013: gcc -c -g -O2  -o out/conftest2.o conftest.c >&5
configure:9017: $? = 0
configure:9039: result: yes
configure:9047: checking if gcc supports -c -o file.o
configure:9094: result: yes
configure:9127: checking whether the gcc linker (/usr/bin/ld -m elf_x86_64) supports shared libraries
configure:10390: result: yes
configure:10427: checking whether -lc should be explicitly linked in
configure:10435: gcc -c -g -O2  conftest.c >&5
configure:10438: $? = 0
configure:10453: gcc -shared  -fPIC -DPIC conftest.o  -v -Wl,-soname -Wl,conftest -o conftest 2\>\&1 \| /bin/grep  -lc  \>/dev/null 2\>\&1
configure:10456: $? = 0
configure:10470: result: no
configure:10630: checking dynamic linker characteristics
configure:11211: gcc -o conftest -g -O2   -Wl,-rpath -Wl,/foo conftest.c  >&5
configure:11211: $? = 0
configure:11460: result: GNU/Linux ld.so
configure:11582: checking how to hardcode library paths into programs
configure:11607: result: immediate
configure:12155: checking whether stripping libraries is possible
configure:12160: result: yes
configure:12195: checking if libtool supports shared libraries
configure:12197: result: yes
configure:12200: checking whether to build shared libraries
configure:12225: result: yes
configure:12228: checking whether to build static libraries
configure:12232: result: yes
configure:12270: checking whether make sets $(MAKE)
configure:12292: result: yes
configure:12307: checking for pow
configure:12307: gcc -o conftest -g -O2   conftest.c  >&5
conftest.c:46:6: warning: conflicting types for built-in function 'pow'
 char pow ();
      ^
/tmp/cchP6XB9.o: In function `main':
/home/hoyeonjigi/Downloads/ion-3.7.0/conftest.c:57: undefined reference to `pow'
collect2: error: ld returned 1 exit status
configure:12307: $? = 1
configure: failed program was:
| /* confdefs.h */
| #define PACKAGE_NAME "ion"
| #define PACKAGE_TARNAME "ion"
| #define PACKAGE_VERSION "open source 3.7.0"
| #define PACKAGE_STRING "ion open source 3.7.0"
| #define PACKAGE_BUGREPORT "http://korgano.eecs.ohiou.edu/mailman/listinfo/ion-bugs"
| #define PACKAGE_URL ""
| #define PACKAGE "ion"
| #define VERSION "open source 3.7.0"
| #define STDC_HEADERS 1
| #define HAVE_SYS_TYPES_H 1
| #define HAVE_SYS_STAT_H 1
| #define HAVE_STDLIB_H 1
| #define HAVE_STRING_H 1
| #define HAVE_MEMORY_H 1
| #define HAVE_STRINGS_H 1
| #define HAVE_INTTYPES_H 1
| #define HAVE_STDINT_H 1
| #define HAVE_UNISTD_H 1
| #define HAVE_DLFCN_H 1
| #define LT_OBJDIR ".libs/"
| /* end confdefs.h.  */
| /* Define pow to an innocuous variant, in case <limits.h> declares pow.
|    For example, HP-UX 11i <limits.h> declares gettimeofday.  */
| #define pow innocuous_pow
| 
| /* System header to define __stub macros and hopefully few prototypes,
|     which can conflict with char pow (); below.
|     Prefer <limits.h> to <assert.h> if __STDC__ is defined, since
|     <limits.h> exists even on freestanding compilers.  */
| 
| #ifdef __STDC__
| # include <limits.h>
| #else
| # include <assert.h>
| #endif
| 
| #undef pow
| 
| /* Override any GCC internal prototype to avoid an error.
|    Use char because int might match the return type of a GCC
|    builtin and then its argument prototype would still apply.  */
| #ifdef __cplusplus
| extern "C"
| #endif
| char pow ();
| /* The GNU C library defines this for functions which it implements
|     to always fail with ENOSYS.  Some functions are actually named
|     something starting with __ and the normal name is an alias.  */
| #if defined __stub_pow || defined __stub___pow
| choke me
| #endif
| 
| int
| main ()
| {
| return pow ();
|   ;
|   return 0;
| }
configure:12307: result: no
configure:12360: checking for DCCP support
configure:12446: gcc -o conftest -g -O2   conftest.c  >&5
configure:12446: $? = 0
configure:12446: ./conftest
configure:12446: $? = 0
configure:12447: result: yes
configure:12769: checking valgrind/valgrind.h usability
configure:12769: gcc -c -g -O2 -DNOEXPAT  conftest.c >&5
conftest.c:58:31: fatal error: valgrind/valgrind.h: No such file or directory
compilation terminated.
configure:12769: $? = 1
configure: failed program was:
| /* confdefs.h */
| #define PACKAGE_NAME "ion"
| #define PACKAGE_TARNAME "ion"
| #define PACKAGE_VERSION "open source 3.7.0"
| #define PACKAGE_STRING "ion open source 3.7.0"
| #define PACKAGE_BUGREPORT "http://korgano.eecs.ohiou.edu/mailman/listinfo/ion-bugs"
| #define PACKAGE_URL ""
| #define PACKAGE "ion"
| #define VERSION "open source 3.7.0"
| #define STDC_HEADERS 1
| #define HAVE_SYS_TYPES_H 1
| #define HAVE_SYS_STAT_H 1
| #define HAVE_STDLIB_H 1
| #define HAVE_STRING_H 1
| #define HAVE_MEMORY_H 1
| #define HAVE_STRINGS_H 1
| #define HAVE_INTTYPES_H 1
| #define HAVE_STDINT_H 1
| #define HAVE_UNISTD_H 1
| #define HAVE_DLFCN_H 1
| #define LT_OBJDIR ".libs/"
| #define linux 1
| #define build_dccp 1
| /* end confdefs.h.  */
| #include <stdio.h>
| #ifdef HAVE_SYS_TYPES_H
| # include <sys/types.h>
| #endif
| #ifdef HAVE_SYS_STAT_H
| # include <sys/stat.h>
| #endif
| #ifdef STDC_HEADERS
| # include <stdlib.h>
| # include <stddef.h>
| #else
| # ifdef HAVE_STDLIB_H
| #  include <stdlib.h>
| # endif
| #endif
| #ifdef HAVE_STRING_H
| # if !defined STDC_HEADERS && defined HAVE_MEMORY_H
| #  include <memory.h>
| # endif
| # include <string.h>
| #endif
| #ifdef HAVE_STRINGS_H
| # include <strings.h>
| #endif
| #ifdef HAVE_INTTYPES_H
| # include <inttypes.h>
| #endif
| #ifdef HAVE_STDINT_H
| # include <stdint.h>
| #endif
| #ifdef HAVE_UNISTD_H
| # include <unistd.h>
| #endif
| #include <valgrind/valgrind.h>
configure:12769: result: no
configure:12769: checking valgrind/valgrind.h presence
configure:12769: gcc -E  conftest.c
conftest.c:25:31: fatal error: valgrind/valgrind.h: No such file or directory
compilation terminated.
configure:12769: $? = 1
configure: failed program was:
| /* confdefs.h */
| #define PACKAGE_NAME "ion"
| #define PACKAGE_TARNAME "ion"
| #define PACKAGE_VERSION "open source 3.7.0"
| #define PACKAGE_STRING "ion open source 3.7.0"
| #define PACKAGE_BUGREPORT "http://korgano.eecs.ohiou.edu/mailman/listinfo/ion-bugs"
| #define PACKAGE_URL ""
| #define PACKAGE "ion"
| #define VERSION "open source 3.7.0"
| #define STDC_HEADERS 1
| #define HAVE_SYS_TYPES_H 1
| #define HAVE_SYS_STAT_H 1
| #define HAVE_STDLIB_H 1
| #define HAVE_STRING_H 1
| #define HAVE_MEMORY_H 1
| #define HAVE_STRINGS_H 1
| #define HAVE_INTTYPES_H 1
| #define HAVE_STDINT_H 1
| #define HAVE_UNISTD_H 1
| #define HAVE_DLFCN_H 1
| #define LT_OBJDIR ".libs/"
| #define linux 1
| #define build_dccp 1
| /* end confdefs.h.  */
| #include <valgrind/valgrind.h>
configure:12769: result: no
configure:12769: checking for valgrind/valgrind.h
configure:12769: result: no
configure:12891: checking for XML_GetCurrentLineNumber in -lexpat
configure:12916: gcc -o conftest  -Dlinux -DSPACE_ORDER=3 -fno-strict-aliasing -DENABLE_BPACS -DENABLE_IMC -DENABLE_MANPAGES -g -O2 -DNOEXPAT   conftest.c -lexpat   >&5
/usr/bin/ld: cannot find -lexpat
collect2: error: ld returned 1 exit status
configure:12916: $? = 1
configure: failed program was:
| /* confdefs.h */
| #define PACKAGE_NAME "ion"
| #define PACKAGE_TARNAME "ion"
| #define PACKAGE_VERSION "open source 3.7.0"
| #define PACKAGE_STRING "ion open source 3.7.0"
| #define PACKAGE_BUGREPORT "http://korgano.eecs.ohiou.edu/mailman/listinfo/ion-bugs"
| #define PACKAGE_URL ""
| #define PACKAGE "ion"
| #define VERSION "open source 3.7.0"
| #define STDC_HEADERS 1
| #define HAVE_SYS_TYPES_H 1
| #define HAVE_SYS_STAT_H 1
| #define HAVE_STDLIB_H 1
| #define HAVE_STRING_H 1
| #define HAVE_MEMORY_H 1
| #define HAVE_STRINGS_H 1
| #define HAVE_INTTYPES_H 1
| #define HAVE_STDINT_H 1
| #define HAVE_UNISTD_H 1
| #define HAVE_DLFCN_H 1
| #define LT_OBJDIR ".libs/"
| #define linux 1
| #define build_dccp 1
| /* end confdefs.h.  */
| 
| /* Override any GCC internal prototype to avoid an error.
|    Use char because int might match the return type of a GCC
|    builtin and then its argument prototype would still apply.  */
| #ifdef __cplusplus
| extern "C"
| #endif
| char XML_GetCurrentLineNumber ();
| int
| main ()
| {
| return XML_GetCurrentLineNumber ();
|   ;
|   return 0;
| }
configure:12925: result: no
configure:12934: WARNING: If you wish to use XML configuration files for AMS you will need to compile against the Expat XML development libraries.  To do this install the libexpat1-dev library then recompile ION using the "./configure --with-expat" flag.
configure:12941: checking for pthread_create in -lpthread
configure:12966: gcc -o conftest  -Dlinux -DSPACE_ORDER=3 -fno-strict-aliasing -DENABLE_BPACS -DENABLE_IMC -DENABLE_MANPAGES -g -O2 -DNOEXPAT   conftest.c -lpthread   >&5
configure:12966: $? = 0
configure:12975: result: yes
configure:12986: checking for mysql_real_connect in -lmysqlclient
configure:13011: gcc -o conftest -g -O2 -DNOEXPAT   conftest.c -lmysqlclient   >&5
/usr/bin/ld: cannot find -lmysqlclient
collect2: error: ld returned 1 exit status
configure:13011: $? = 1
configure: failed program was:
| /* confdefs.h */
| #define PACKAGE_NAME "ion"
| #define PACKAGE_TARNAME "ion"
| #define PACKAGE_VERSION "open source 3.7.0"
| #define PACKAGE_STRING "ion open source 3.7.0"
| #define PACKAGE_BUGREPORT "http://korgano.eecs.ohiou.edu/mailman/listinfo/ion-bugs"
| #define PACKAGE_URL ""
| #define PACKAGE "ion"
| #define VERSION "open source 3.7.0"
| #define STDC_HEADERS 1
| #define HAVE_SYS_TYPES_H 1
| #define HAVE_SYS_STAT_H 1
| #define HAVE_STDLIB_H 1
| #define HAVE_STRING_H 1
| #define HAVE_MEMORY_H 1
| #define HAVE_STRINGS_H 1
| #define HAVE_INTTYPES_H 1
| #define HAVE_STDINT_H 1
| #define HAVE_UNISTD_H 1
| #define HAVE_DLFCN_H 1
| #define LT_OBJDIR ".libs/"
| #define linux 1
| #define build_dccp 1
| /* end confdefs.h.  */
| 
| /* Override any GCC internal prototype to avoid an error.
|    Use char because int might match the return type of a GCC
|    builtin and then its argument prototype would still apply.  */
| #ifdef __cplusplus
| extern "C"
| #endif
| char mysql_real_connect ();
| int
| main ()
| {
| return mysql_real_connect ();
|   ;
|   return 0;
| }
configure:13020: result: no
configure:13029: WARNING: If you wish to use MySQL for NM you will need to install the libmysqlclient.
configure:13036: checking for initscr in -lncurses
configure:13061: gcc -o conftest -g -O2 -DNOEXPAT   conftest.c -lncurses   >&5
/usr/bin/ld: cannot find -lncurses
collect2: error: ld returned 1 exit status
configure:13061: $? = 1
configure: failed program was:
| /* confdefs.h */
| #define PACKAGE_NAME "ion"
| #define PACKAGE_TARNAME "ion"
| #define PACKAGE_VERSION "open source 3.7.0"
| #define PACKAGE_STRING "ion open source 3.7.0"
| #define PACKAGE_BUGREPORT "http://korgano.eecs.ohiou.edu/mailman/listinfo/ion-bugs"
| #define PACKAGE_URL ""
| #define PACKAGE "ion"
| #define VERSION "open source 3.7.0"
| #define STDC_HEADERS 1
| #define HAVE_SYS_TYPES_H 1
| #define HAVE_SYS_STAT_H 1
| #define HAVE_STDLIB_H 1
| #define HAVE_STRING_H 1
| #define HAVE_MEMORY_H 1
| #define HAVE_STRINGS_H 1
| #define HAVE_INTTYPES_H 1
| #define HAVE_STDINT_H 1
| #define HAVE_UNISTD_H 1
| #define HAVE_DLFCN_H 1
| #define LT_OBJDIR ".libs/"
| #define linux 1
| #define build_dccp 1
| /* end confdefs.h.  */
| 
| /* Override any GCC internal prototype to avoid an error.
|    Use char because int might match the return type of a GCC
|    builtin and then its argument prototype would still apply.  */
| #ifdef __cplusplus
| extern "C"
| #endif
| char initscr ();
| int
| main ()
| {
| return initscr ();
|   ;
|   return 0;
| }
configure:13070: result: no
configure:13079: WARNING: If you wish to use the NCURSES TUI for NM you will need to install the NCURSES library.
configure:13091: checking for pod2man
configure:13107: found /usr/bin/pod2man
configure:13118: result: pod2man
configure:13140: checking for ps2pdf
configure:13158: found /usr/bin/ps2pdf
configure:13170: result: /usr/bin/ps2pdf
configure:13180: checking for pdf2ps
configure:13198: found /usr/bin/pdf2ps
configure:13210: result: /usr/bin/pdf2ps
configure:13220: checking for psjoin
configure:13253: result: no
configure:13260: checking for pdfjoin
configure:13293: result: no
configure:13298: checking for fallback included psjoin
configure:13302: result: /home/hoyeonjigi/Downloads/ion-3.7.0/doc/psjoin
configure:13308: checking for fallback included pdfjoin
configure:13312: result: /home/hoyeonjigi/Downloads/ion-3.7.0/doc/pdfjoin
configure:13320: checking for groff
configure:13338: found /usr/bin/groff
configure:13350: result: /usr/bin/groff
configure:13358: checking if groff suports -ms
configure:13365: result: not found
configure:13367: try installing groff and the ms plugin
configure:13375: checking for man
configure:13393: found /usr/bin/man
configure:13405: result: /usr/bin/man
configure:13413: checking if man supports -l
configure:13416: result: /usr/bin/man
configure:13428: checking for tools to build autodoc
configure:13437: result: not found (skipping autodoc)
configure:13439: Ensure the ghostscript, psutils, groff-base and groff packages are installed.
configure:13457: checking for dirent.h that defines DIR
configure:13476: gcc -c -g -O2 -DNOEXPAT  conftest.c >&5
configure:13476: $? = 0
configure:13484: result: yes
configure:13497: checking for library containing opendir
configure:13528: gcc -o conftest -g -O2 -DNOEXPAT   conftest.c  >&5
configure:13528: $? = 0
configure:13545: result: none required
configure:13612: checking for ANSI C header files
configure:13716: result: yes
configure:13724: checking for sys/wait.h that is POSIX.1 compatible
configure:13750: gcc -c -g -O2 -DNOEXPAT  conftest.c >&5
configure:13750: $? = 0
configure:13757: result: yes
configure:13768: checking fcntl.h usability
configure:13768: gcc -c -g -O2 -DNOEXPAT  conftest.c >&5
configure:13768: $? = 0
configure:13768: result: yes
configure:13768: checking fcntl.h presence
configure:13768: gcc -E  conftest.c
configure:13768: $? = 0
configure:13768: result: yes
configure:13768: checking for fcntl.h
configure:13768: result: yes
configure:13768: checking malloc.h usability
configure:13768: gcc -c -g -O2 -DNOEXPAT  conftest.c >&5
configure:13768: $? = 0
configure:13768: result: yes
configure:13768: checking malloc.h presence
configure:13768: gcc -E  conftest.c
configure:13768: $? = 0
configure:13768: result: yes
configure:13768: checking for malloc.h
configure:13768: result: yes
configure:13768: checking netdb.h usability
configure:13768: gcc -c -g -O2 -DNOEXPAT  conftest.c >&5
configure:13768: $? = 0
configure:13768: result: yes
configure:13768: checking netdb.h presence
configure:13768: gcc -E  conftest.c
configure:13768: $? = 0
configure:13768: result: yes
configure:13768: checking for netdb.h
configure:13768: result: yes
configure:13768: checking netinet/in.h usability
configure:13768: gcc -c -g -O2 -DNOEXPAT  conftest.c >&5
configure:13768: $? = 0
configure:13768: result: yes
configure:13768: checking netinet/in.h presence
configure:13768: gcc -E  conftest.c
configure:13768: $? = 0
configure:13768: result: yes
configure:13768: checking for netinet/in.h
configure:13768: result: yes
configure:13768: checking stddef.h usability
configure:13768: gcc -c -g -O2 -DNOEXPAT  conftest.c >&5
configure:13768: $? = 0
configure:13768: result: yes
configure:13768: checking stddef.h presence
configure:13768: gcc -E  conftest.c
configure:13768: $? = 0
configure:13768: result: yes
configure:13768: checking for stddef.h
configure:13768: result: yes
configure:13768: checking for stdlib.h
configure:13768: result: yes
configure:13768: checking for string.h
configure:13768: result: yes
configure:13768: checking sys/ioctl.h usability
configure:13768: gcc -c -g -O2 -DNOEXPAT  conftest.c >&5
configure:13768: $? = 0
configure:13768: result: yes
configure:13768: checking sys/ioctl.h presence
configure:13768: gcc -E  conftest.c
configure:13768: $? = 0
configure:13768: result: yes
configure:13768: checking for sys/ioctl.h
configure:13768: result: yes
configure:13768: checking sys/param.h usability
configure:13768: gcc -c -g -O2 -DNOEXPAT  conftest.c >&5
configure:13768: $? = 0
configure:13768: result: yes
configure:13768: checking sys/param.h presence
configure:13768: gcc -E  conftest.c
configure:13768: $? = 0
configure:13768: result: yes
configure:13768: checking for sys/param.h
configure:13768: result: yes
configure:13768: checking sys/socket.h usability
configure:13768: gcc -c -g -O2 -DNOEXPAT  conftest.c >&5
configure:13768: $? = 0
configure:13768: result: yes
configure:13768: checking sys/socket.h presence
configure:13768: gcc -E  conftest.c
configure:13768: $? = 0
configure:13768: result: yes
configure:13768: checking for sys/socket.h
configure:13768: result: yes
configure:13768: checking sys/time.h usability
configure:13768: gcc -c -g -O2 -DNOEXPAT  conftest.c >&5
configure:13768: $? = 0
configure:13768: result: yes
configure:13768: checking sys/time.h presence
configure:13768: gcc -E  conftest.c
configure:13768: $? = 0
configure:13768: result: yes
configure:13768: checking for sys/time.h
configure:13768: result: yes
configure:13768: checking for unistd.h
configure:13768: result: yes
configure:13779: checking for an ANSI C-conforming const
configure:13845: gcc -c -g -O2 -DNOEXPAT  conftest.c >&5
configure:13845: $? = 0
configure:13852: result: yes
configure:13860: checking for size_t
configure:13860: gcc -c -g -O2 -DNOEXPAT  conftest.c >&5
configure:13860: $? = 0
configure:13860: gcc -c -g -O2 -DNOEXPAT  conftest.c >&5
conftest.c: In function 'main':
conftest.c:76:21: error: expected expression before ')' token
 if (sizeof ((size_t)))
                     ^
configure:13860: $? = 1
configure: failed program was:
| /* confdefs.h */
| #define PACKAGE_NAME "ion"
| #define PACKAGE_TARNAME "ion"
| #define PACKAGE_VERSION "open source 3.7.0"
| #define PACKAGE_STRING "ion open source 3.7.0"
| #define PACKAGE_BUGREPORT "http://korgano.eecs.ohiou.edu/mailman/listinfo/ion-bugs"
| #define PACKAGE_URL ""
| #define PACKAGE "ion"
| #define VERSION "open source 3.7.0"
| #define STDC_HEADERS 1
| #define HAVE_SYS_TYPES_H 1
| #define HAVE_SYS_STAT_H 1
| #define HAVE_STDLIB_H 1
| #define HAVE_STRING_H 1
| #define HAVE_MEMORY_H 1
| #define HAVE_STRINGS_H 1
| #define HAVE_INTTYPES_H 1
| #define HAVE_STDINT_H 1
| #define HAVE_UNISTD_H 1
| #define HAVE_DLFCN_H 1
| #define LT_OBJDIR ".libs/"
| #define linux 1
| #define build_dccp 1
| #define HAVE_DIRENT_H 1
| #define STDC_HEADERS 1
| #define HAVE_SYS_WAIT_H 1
| #define HAVE_FCNTL_H 1
| #define HAVE_MALLOC_H 1
| #define HAVE_NETDB_H 1
| #define HAVE_NETINET_IN_H 1
| #define HAVE_STDDEF_H 1
| #define HAVE_STDLIB_H 1
| #define HAVE_STRING_H 1
| #define HAVE_SYS_IOCTL_H 1
| #define HAVE_SYS_PARAM_H 1
| #define HAVE_SYS_SOCKET_H 1
| #define HAVE_SYS_TIME_H 1
| #define HAVE_UNISTD_H 1
| /* end confdefs.h.  */
| #include <stdio.h>
| #ifdef HAVE_SYS_TYPES_H
| # include <sys/types.h>
| #endif
| #ifdef HAVE_SYS_STAT_H
| # include <sys/stat.h>
| #endif
| #ifdef STDC_HEADERS
| # include <stdlib.h>
| # include <stddef.h>
| #else
| # ifdef HAVE_STDLIB_H
| #  include <stdlib.h>
| # endif
| #endif
| #ifdef HAVE_STRING_H
| # if !defined STDC_HEADERS && defined HAVE_MEMORY_H
| #  include <memory.h>
| # endif
| # include <string.h>
| #endif
| #ifdef HAVE_STRINGS_H
| # include <strings.h>
| #endif
| #ifdef HAVE_INTTYPES_H
| # include <inttypes.h>
| #endif
| #ifdef HAVE_STDINT_H
| # include <stdint.h>
| #endif
| #ifdef HAVE_UNISTD_H
| # include <unistd.h>
| #endif
| int
| main ()
| {
| if (sizeof ((size_t)))
| 	    return 0;
|   ;
|   return 0;
| }
configure:13860: result: yes
configure:13871: checking whether time.h and sys/time.h may both be included
configure:13891: gcc -c -g -O2 -DNOEXPAT  conftest.c >&5
configure:13891: $? = 0
configure:13898: result: yes
configure:13906: checking whether struct tm is in sys/time.h or time.h
configure:13926: gcc -c -g -O2 -DNOEXPAT  conftest.c >&5
configure:13926: $? = 0
configure:13933: result: time.h
configure:13941: checking for uid_t in sys/types.h
configure:13960: result: yes
configure:13975: checking for pid_t
configure:13975: gcc -c -g -O2 -DNOEXPAT  conftest.c >&5
configure:13975: $? = 0
configure:13975: gcc -c -g -O2 -DNOEXPAT  conftest.c >&5
conftest.c: In function 'main':
conftest.c:77:20: error: expected expression before ')' token
 if (sizeof ((pid_t)))
                    ^
configure:13975: $? = 1
configure: failed program was:
| /* confdefs.h */
| #define PACKAGE_NAME "ion"
| #define PACKAGE_TARNAME "ion"
| #define PACKAGE_VERSION "open source 3.7.0"
| #define PACKAGE_STRING "ion open source 3.7.0"
| #define PACKAGE_BUGREPORT "http://korgano.eecs.ohiou.edu/mailman/listinfo/ion-bugs"
| #define PACKAGE_URL ""
| #define PACKAGE "ion"
| #define VERSION "open source 3.7.0"
| #define STDC_HEADERS 1
| #define HAVE_SYS_TYPES_H 1
| #define HAVE_SYS_STAT_H 1
| #define HAVE_STDLIB_H 1
| #define HAVE_STRING_H 1
| #define HAVE_MEMORY_H 1
| #define HAVE_STRINGS_H 1
| #define HAVE_INTTYPES_H 1
| #define HAVE_STDINT_H 1
| #define HAVE_UNISTD_H 1
| #define HAVE_DLFCN_H 1
| #define LT_OBJDIR ".libs/"
| #define linux 1
| #define build_dccp 1
| #define HAVE_DIRENT_H 1
| #define STDC_HEADERS 1
| #define HAVE_SYS_WAIT_H 1
| #define HAVE_FCNTL_H 1
| #define HAVE_MALLOC_H 1
| #define HAVE_NETDB_H 1
| #define HAVE_NETINET_IN_H 1
| #define HAVE_STDDEF_H 1
| #define HAVE_STDLIB_H 1
| #define HAVE_STRING_H 1
| #define HAVE_SYS_IOCTL_H 1
| #define HAVE_SYS_PARAM_H 1
| #define HAVE_SYS_SOCKET_H 1
| #define HAVE_SYS_TIME_H 1
| #define HAVE_UNISTD_H 1
| #define TIME_WITH_SYS_TIME 1
| /* end confdefs.h.  */
| #include <stdio.h>
| #ifdef HAVE_SYS_TYPES_H
| # include <sys/types.h>
| #endif
| #ifdef HAVE_SYS_STAT_H
| # include <sys/stat.h>
| #endif
| #ifdef STDC_HEADERS
| # include <stdlib.h>
| # include <stddef.h>
| #else
| # ifdef HAVE_STDLIB_H
| #  include <stdlib.h>
| # endif
| #endif
| #ifdef HAVE_STRING_H
| # if !defined STDC_HEADERS && defined HAVE_MEMORY_H
| #  include <memory.h>
| # endif
| # include <string.h>
| #endif
| #ifdef HAVE_STRINGS_H
| # include <strings.h>
| #endif
| #ifdef HAVE_INTTYPES_H
| # include <inttypes.h>
| #endif
| #ifdef HAVE_STDINT_H
| # include <stdint.h>
| #endif
| #ifdef HAVE_UNISTD_H
| # include <unistd.h>
| #endif
| int
| main ()
| {
| if (sizeof ((pid_t)))
| 	    return 0;
|   ;
|   return 0;
| }
configure:13975: result: yes
configure:13988: checking vfork.h usability
configure:13988: gcc -c -g -O2 -DNOEXPAT  conftest.c >&5
conftest.c:74:19: fatal error: vfork.h: No such file or directory
compilation terminated.
configure:13988: $? = 1
configure: failed program was:
| /* confdefs.h */
| #define PACKAGE_NAME "ion"
| #define PACKAGE_TARNAME "ion"
| #define PACKAGE_VERSION "open source 3.7.0"
| #define PACKAGE_STRING "ion open source 3.7.0"
| #define PACKAGE_BUGREPORT "http://korgano.eecs.ohiou.edu/mailman/listinfo/ion-bugs"
| #define PACKAGE_URL ""
| #define PACKAGE "ion"
| #define VERSION "open source 3.7.0"
| #define STDC_HEADERS 1
| #define HAVE_SYS_TYPES_H 1
| #define HAVE_SYS_STAT_H 1
| #define HAVE_STDLIB_H 1
| #define HAVE_STRING_H 1
| #define HAVE_MEMORY_H 1
| #define HAVE_STRINGS_H 1
| #define HAVE_INTTYPES_H 1
| #define HAVE_STDINT_H 1
| #define HAVE_UNISTD_H 1
| #define HAVE_DLFCN_H 1
| #define LT_OBJDIR ".libs/"
| #define linux 1
| #define build_dccp 1
| #define HAVE_DIRENT_H 1
| #define STDC_HEADERS 1
| #define HAVE_SYS_WAIT_H 1
| #define HAVE_FCNTL_H 1
| #define HAVE_MALLOC_H 1
| #define HAVE_NETDB_H 1
| #define HAVE_NETINET_IN_H 1
| #define HAVE_STDDEF_H 1
| #define HAVE_STDLIB_H 1
| #define HAVE_STRING_H 1
| #define HAVE_SYS_IOCTL_H 1
| #define HAVE_SYS_PARAM_H 1
| #define HAVE_SYS_SOCKET_H 1
| #define HAVE_SYS_TIME_H 1
| #define HAVE_UNISTD_H 1
| #define TIME_WITH_SYS_TIME 1
| /* end confdefs.h.  */
| #include <stdio.h>
| #ifdef HAVE_SYS_TYPES_H
| # include <sys/types.h>
| #endif
| #ifdef HAVE_SYS_STAT_H
| # include <sys/stat.h>
| #endif
| #ifdef STDC_HEADERS
| # include <stdlib.h>
| # include <stddef.h>
| #else
| # ifdef HAVE_STDLIB_H
| #  include <stdlib.h>
| # endif
| #endif
| #ifdef HAVE_STRING_H
| # if !defined STDC_HEADERS && defined HAVE_MEMORY_H
| #  include <memory.h>
| # endif
| # include <string.h>
| #endif
| #ifdef HAVE_STRINGS_H
| # include <strings.h>
| #endif
| #ifdef HAVE_INTTYPES_H
| # include <inttypes.h>
| #endif
| #ifdef HAVE_STDINT_H
| # include <stdint.h>
| #endif
| #ifdef HAVE_UNISTD_H
| # include <unistd.h>
| #endif
| #include <vfork.h>
configure:13988: result: no
configure:13988: checking vfork.h presence
configure:13988: gcc -E  conftest.c
conftest.c:41:19: fatal error: vfork.h: No such file or directory
compilation terminated.
configure:13988: $? = 1
configure: failed program was:
| /* confdefs.h */
| #define PACKAGE_NAME "ion"
| #define PACKAGE_TARNAME "ion"
| #define PACKAGE_VERSION "open source 3.7.0"
| #define PACKAGE_STRING "ion open source 3.7.0"
| #define PACKAGE_BUGREPORT "http://korgano.eecs.ohiou.edu/mailman/listinfo/ion-bugs"
| #define PACKAGE_URL ""
| #define PACKAGE "ion"
| #define VERSION "open source 3.7.0"
| #define STDC_HEADERS 1
| #define HAVE_SYS_TYPES_H 1
| #define HAVE_SYS_STAT_H 1
| #define HAVE_STDLIB_H 1
| #define HAVE_STRING_H 1
| #define HAVE_MEMORY_H 1
| #define HAVE_STRINGS_H 1
| #define HAVE_INTTYPES_H 1
| #define HAVE_STDINT_H 1
| #define HAVE_UNISTD_H 1
| #define HAVE_DLFCN_H 1
| #define LT_OBJDIR ".libs/"
| #define linux 1
| #define build_dccp 1
| #define HAVE_DIRENT_H 1
| #define STDC_HEADERS 1
| #define HAVE_SYS_WAIT_H 1
| #define HAVE_FCNTL_H 1
| #define HAVE_MALLOC_H 1
| #define HAVE_NETDB_H 1
| #define HAVE_NETINET_IN_H 1
| #define HAVE_STDDEF_H 1
| #define HAVE_STDLIB_H 1
| #define HAVE_STRING_H 1
| #define HAVE_SYS_IOCTL_H 1
| #define HAVE_SYS_PARAM_H 1
| #define HAVE_SYS_SOCKET_H 1
| #define HAVE_SYS_TIME_H 1
| #define HAVE_UNISTD_H 1
| #define TIME_WITH_SYS_TIME 1
| /* end confdefs.h.  */
| #include <vfork.h>
configure:13988: result: no
configure:13988: checking for vfork.h
configure:13988: result: no
configure:14001: checking for fork
configure:14001: gcc -o conftest -g -O2 -DNOEXPAT   conftest.c  >&5
conftest.c:64:6: warning: conflicting types for built-in function 'fork'
 char fork ();
      ^
configure:14001: $? = 0
configure:14001: result: yes
configure:14001: checking for vfork
configure:14001: gcc -o conftest -g -O2 -DNOEXPAT   conftest.c  >&5
configure:14001: $? = 0
configure:14001: result: yes
configure:14011: checking for working fork
configure:14033: gcc -o conftest -g -O2 -DNOEXPAT   conftest.c  >&5
configure:14033: $? = 0
configure:14033: ./conftest
configure:14033: $? = 0
configure:14043: result: yes
configure:14064: checking for working vfork
configure:14174: result: yes
configure:14200: checking whether gcc needs -traditional
configure:14234: result: no
configure:14245: checking return type of signal handlers
configure:14263: gcc -c -g -O2 -DNOEXPAT  conftest.c >&5
conftest.c: In function 'main':
conftest.c:51:9: error: void value not ignored as it ought to be
 return *(signal (0, 0)) (0) == 1;
         ^
configure:14263: $? = 1
configure: failed program was:
| /* confdefs.h */
| #define PACKAGE_NAME "ion"
| #define PACKAGE_TARNAME "ion"
| #define PACKAGE_VERSION "open source 3.7.0"
| #define PACKAGE_STRING "ion open source 3.7.0"
| #define PACKAGE_BUGREPORT "http://korgano.eecs.ohiou.edu/mailman/listinfo/ion-bugs"
| #define PACKAGE_URL ""
| #define PACKAGE "ion"
| #define VERSION "open source 3.7.0"
| #define STDC_HEADERS 1
| #define HAVE_SYS_TYPES_H 1
| #define HAVE_SYS_STAT_H 1
| #define HAVE_STDLIB_H 1
| #define HAVE_STRING_H 1
| #define HAVE_MEMORY_H 1
| #define HAVE_STRINGS_H 1
| #define HAVE_INTTYPES_H 1
| #define HAVE_STDINT_H 1
| #define HAVE_UNISTD_H 1
| #define HAVE_DLFCN_H 1
| #define LT_OBJDIR ".libs/"
| #define linux 1
| #define build_dccp 1
| #define HAVE_DIRENT_H 1
| #define STDC_HEADERS 1
| #define HAVE_SYS_WAIT_H 1
| #define HAVE_FCNTL_H 1
| #define HAVE_MALLOC_H 1
| #define HAVE_NETDB_H 1
| #define HAVE_NETINET_IN_H 1
| #define HAVE_STDDEF_H 1
| #define HAVE_STDLIB_H 1
| #define HAVE_STRING_H 1
| #define HAVE_SYS_IOCTL_H 1
| #define HAVE_SYS_PARAM_H 1
| #define HAVE_SYS_SOCKET_H 1
| #define HAVE_SYS_TIME_H 1
| #define HAVE_UNISTD_H 1
| #define TIME_WITH_SYS_TIME 1
| #define HAVE_FORK 1
| #define HAVE_VFORK 1
| #define HAVE_WORKING_VFORK 1
| #define HAVE_WORKING_FORK 1
| /* end confdefs.h.  */
| #include <sys/types.h>
| #include <signal.h>
| 
| int
| main ()
| {
| return *(signal (0, 0)) (0) == 1;
|   ;
|   return 0;
| }
configure:14270: result: void
configure:14283: checking for alarm
configure:14283: gcc -o conftest -g -O2 -DNOEXPAT   conftest.c  >&5
configure:14283: $? = 0
configure:14283: result: yes
configure:14283: checking for ftruncate
configure:14283: gcc -o conftest -g -O2 -DNOEXPAT   conftest.c  >&5
configure:14283: $? = 0
configure:14283: result: yes
configure:14283: checking for getcwd
configure:14283: gcc -o conftest -g -O2 -DNOEXPAT   conftest.c  >&5
configure:14283: $? = 0
configure:14283: result: yes
configure:14283: checking for gethostbyaddr
configure:14283: gcc -o conftest -g -O2 -DNOEXPAT   conftest.c  >&5
configure:14283: $? = 0
configure:14283: result: yes
configure:14283: checking for gethostbyname
configure:14283: gcc -o conftest -g -O2 -DNOEXPAT   conftest.c  >&5
configure:14283: $? = 0
configure:14283: result: yes
configure:14283: checking for gethostname
configure:14283: gcc -o conftest -g -O2 -DNOEXPAT   conftest.c  >&5
configure:14283: $? = 0
configure:14283: result: yes
configure:14283: checking for gettimeofday
configure:14283: gcc -o conftest -g -O2 -DNOEXPAT   conftest.c  >&5
configure:14283: $? = 0
configure:14283: result: yes
configure:14283: checking for memset
configure:14283: gcc -o conftest -g -O2 -DNOEXPAT   conftest.c  >&5
conftest.c:76:6: warning: conflicting types for built-in function 'memset'
 char memset ();
      ^
configure:14283: $? = 0
configure:14283: result: yes
configure:14283: checking for mkdir
configure:14283: gcc -o conftest -g -O2 -DNOEXPAT   conftest.c  >&5
configure:14283: $? = 0
configure:14283: result: yes
configure:14283: checking for mkfifo
configure:14283: gcc -o conftest -g -O2 -DNOEXPAT   conftest.c  >&5
configure:14283: $? = 0
configure:14283: result: yes
configure:14283: checking for rmdir
configure:14283: gcc -o conftest -g -O2 -DNOEXPAT   conftest.c  >&5
configure:14283: $? = 0
configure:14283: result: yes
configure:14283: checking for select
configure:14283: gcc -o conftest -g -O2 -DNOEXPAT   conftest.c  >&5
configure:14283: $? = 0
configure:14283: result: yes
configure:14283: checking for socket
configure:14283: gcc -o conftest -g -O2 -DNOEXPAT   conftest.c  >&5
configure:14283: $? = 0
configure:14283: result: yes
configure:14283: checking for strcasecmp
configure:14283: gcc -o conftest -g -O2 -DNOEXPAT   conftest.c  >&5
conftest.c:82:6: warning: conflicting types for built-in function 'strcasecmp'
 char strcasecmp ();
      ^
configure:14283: $? = 0
configure:14283: result: yes
configure:14283: checking for strchr
configure:14283: gcc -o conftest -g -O2 -DNOEXPAT   conftest.c  >&5
conftest.c:83:6: warning: conflicting types for built-in function 'strchr'
 char strchr ();
      ^
configure:14283: $? = 0
configure:14283: result: yes
configure:14283: checking for strerror
configure:14283: gcc -o conftest -g -O2 -DNOEXPAT   conftest.c  >&5
configure:14283: $? = 0
configure:14283: result: yes
configure:14283: checking for strncasecmp
configure:14283: gcc -o conftest -g -O2 -DNOEXPAT   conftest.c  >&5
conftest.c:85:6: warning: conflicting types for built-in function 'strncasecmp'
 char strncasecmp ();
      ^
configure:14283: $? = 0
configure:14283: result: yes
configure:14283: checking for strstr
configure:14283: gcc -o conftest -g -O2 -DNOEXPAT   conftest.c  >&5
conftest.c:86:6: warning: conflicting types for built-in function 'strstr'
 char strstr ();
      ^
configure:14283: $? = 0
configure:14283: result: yes
configure:14283: checking for strtoul
configure:14283: gcc -o conftest -g -O2 -DNOEXPAT   conftest.c  >&5
configure:14283: $? = 0
configure:14283: result: yes
configure:14283: checking for uname
configure:14283: gcc -o conftest -g -O2 -DNOEXPAT   conftest.c  >&5
configure:14283: $? = 0
configure:14283: result: yes
configure:14439: checking that generated files are newer than configure
configure:14445: result: done
configure:14524: creating ./config.status

## ---------------------- ##
## Running config.status. ##
## ---------------------- ##

This file was extended by ion config.status open source 3.7.0, which was
generated by GNU Autoconf 2.69.  Invocation command line was

  CONFIG_FILES    = 
  CONFIG_HEADERS  = 
  CONFIG_LINKS    = 
  CONFIG_COMMANDS = 
  $ ./config.status 

on ubuntu

config.status:1170: creating Makefile
config.status:1170: creating contrib/Makefile
config.status:1170: creating config.h
config.status:1351: config.h is unchanged
config.status:1399: executing depfiles commands
config.status:1399: executing libtool commands

## ---------------- ##
## Cache variables. ##
## ---------------- ##

ac_cv_build=x86_64-pc-linux-gnu
ac_cv_c_compiler_gnu=yes
ac_cv_c_const=yes
ac_cv_env_CC_set=
ac_cv_env_CC_value=
ac_cv_env_CFLAGS_set=
ac_cv_env_CFLAGS_value=
ac_cv_env_CPPFLAGS_set=
ac_cv_env_CPPFLAGS_value=
ac_cv_env_CPP_set=
ac_cv_env_CPP_value=
ac_cv_env_LDFLAGS_set=
ac_cv_env_LDFLAGS_value=
ac_cv_env_LIBS_set=
ac_cv_env_LIBS_value=
ac_cv_env_LT_SYS_LIBRARY_PATH_set=
ac_cv_env_LT_SYS_LIBRARY_PATH_value=
ac_cv_env_build_alias_set=
ac_cv_env_build_alias_value=
ac_cv_env_host_alias_set=
ac_cv_env_host_alias_value=
ac_cv_env_target_alias_set=
ac_cv_env_target_alias_value=
ac_cv_func_alarm=yes
ac_cv_func_fork=yes
ac_cv_func_fork_works=yes
ac_cv_func_ftruncate=yes
ac_cv_func_getcwd=yes
ac_cv_func_gethostbyaddr=yes
ac_cv_func_gethostbyname=yes
ac_cv_func_gethostname=yes
ac_cv_func_gettimeofday=yes
ac_cv_func_memset=yes
ac_cv_func_mkdir=yes
ac_cv_func_mkfifo=yes
ac_cv_func_pow=no
ac_cv_func_rmdir=yes
ac_cv_func_select=yes
ac_cv_func_socket=yes
ac_cv_func_strcasecmp=yes
ac_cv_func_strchr=yes
ac_cv_func_strerror=yes
ac_cv_func_strncasecmp=yes
ac_cv_func_strstr=yes
ac_cv_func_strtoul=yes
ac_cv_func_uname=yes
ac_cv_func_vfork=yes
ac_cv_func_vfork_works=yes
ac_cv_header_dirent_dirent_h=yes
ac_cv_header_dlfcn_h=yes
ac_cv_header_fcntl_h=yes
ac_cv_header_inttypes_h=yes
ac_cv_header_malloc_h=yes
ac_cv_header_memory_h=yes
ac_cv_header_netdb_h=yes
ac_cv_header_netinet_in_h=yes
ac_cv_header_stdc=yes
ac_cv_header_stddef_h=yes
ac_cv_header_stdint_h=yes
ac_cv_header_stdlib_h=yes
ac_cv_header_string_h=yes
ac_cv_header_strings_h=yes
ac_cv_header_sys_ioctl_h=yes
ac_cv_header_sys_param_h=yes
ac_cv_header_sys_socket_h=yes
ac_cv_header_sys_stat_h=yes
ac_cv_header_sys_time_h=yes
ac_cv_header_sys_types_h=yes
ac_cv_header_sys_wait_h=yes
ac_cv_header_time=yes
ac_cv_header_unistd_h=yes
ac_cv_header_valgrind_valgrind_h=no
ac_cv_header_vfork_h=no
ac_cv_host=x86_64-pc-linux-gnu
ac_cv_lib_expat_XML_GetCurrentLineNumber=no
ac_cv_lib_mysqlclient_mysql_real_connect=no
ac_cv_lib_ncurses_initscr=no
ac_cv_lib_pthread_pthread_create=yes
ac_cv_objext=o
ac_cv_path_EGREP='/bin/grep -E'
ac_cv_path_FGREP='/bin/grep -F'
ac_cv_path_GREP=/bin/grep
ac_cv_path_GROFF=/usr/bin/groff
ac_cv_path_MANOPTS=/usr/bin/man
ac_cv_path_PDF2PS=/usr/bin/pdf2ps
ac_cv_path_PS2PDF=/usr/bin/ps2pdf
ac_cv_path_SED=/bin/sed
ac_cv_path_install='/usr/bin/install -c'
ac_cv_path_lt_DD=/bin/dd
ac_cv_path_mkdir=/bin/mkdir
ac_cv_prog_AWK=gawk
ac_cv_prog_CPP='gcc -E'
ac_cv_prog_POD_DOCUMENTATION=pod2man
ac_cv_prog_ac_ct_AR=ar
ac_cv_prog_ac_ct_CC=gcc
ac_cv_prog_ac_ct_MANIFEST_TOOL=mt
ac_cv_prog_ac_ct_OBJDUMP=objdump
ac_cv_prog_ac_ct_RANLIB=ranlib
ac_cv_prog_ac_ct_STRIP=strip
ac_cv_prog_cc_c89=
ac_cv_prog_cc_g=yes
ac_cv_prog_gcc_traditional=no
ac_cv_prog_make_make_set=yes
ac_cv_search_opendir='none required'
ac_cv_struct_tm=time.h
ac_cv_type_pid_t=yes
ac_cv_type_signal=void
ac_cv_type_size_t=yes
ac_cv_type_uid_t=yes
am_cv_CC_dependencies_compiler_type=gcc3
am_cv_ar_interface=ar
am_cv_make_support_nested_variables=yes
am_cv_prog_cc_c_o=yes
lt_cv_ar_at_file=@
lt_cv_archive_cmds_need_lc=no
lt_cv_deplibs_check_method=pass_all
lt_cv_file_magic_cmd='$MAGIC_CMD'
lt_cv_file_magic_test_file=
lt_cv_ld_reload_flag=-r
lt_cv_nm_interface='BSD nm'
lt_cv_objdir=.libs
lt_cv_path_LD=/usr/bin/ld
lt_cv_path_NM='/usr/bin/nm -B'
lt_cv_path_mainfest_tool=no
lt_cv_prog_compiler_c_o=yes
lt_cv_prog_compiler_pic='-fPIC -DPIC'
lt_cv_prog_compiler_pic_works=yes
lt_cv_prog_compiler_rtti_exceptions=no
lt_cv_prog_compiler_static_works=yes
lt_cv_prog_gnu_ld=yes
lt_cv_sharedlib_from_linklib_cmd='printf %s\n'
lt_cv_shlibpath_overrides_runpath=no
lt_cv_sys_global_symbol_pipe='sed -n -e '\''s/^.*[	 ]\([ABCDGIRSTW][ABCDGIRSTW]*\)[	 ][	 ]*\([_A-Za-z][_A-Za-z0-9]*\)$/\1 \2 \2/p'\'' | sed '\''/ __gnu_lto/d'\'''
lt_cv_sys_global_symbol_to_c_name_address='sed -n -e '\''s/^: \(.*\) .*$/  {"\1", (void *) 0},/p'\'' -e '\''s/^[ABCDGIRSTW][ABCDGIRSTW]* .* \(.*\)$/  {"\1", (void *) \&\1},/p'\'''
lt_cv_sys_global_symbol_to_c_name_address_lib_prefix='sed -n -e '\''s/^: \(.*\) .*$/  {"\1", (void *) 0},/p'\'' -e '\''s/^[ABCDGIRSTW][ABCDGIRSTW]* .* \(lib.*\)$/  {"\1", (void *) \&\1},/p'\'' -e '\''s/^[ABCDGIRSTW][ABCDGIRSTW]* .* \(.*\)$/  {"lib\1", (void *) \&\1},/p'\'''
lt_cv_sys_global_symbol_to_cdecl='sed -n -e '\''s/^T .* \(.*\)$/extern int \1();/p'\'' -e '\''s/^[ABCDGIRSTW][ABCDGIRSTW]* .* \(.*\)$/extern char \1;/p'\'''
lt_cv_sys_global_symbol_to_import=
lt_cv_sys_max_cmd_len=1572864
lt_cv_to_host_file_cmd=func_convert_file_noop
lt_cv_to_tool_file_cmd=func_convert_file_noop
lt_cv_truncate_bin='/bin/dd bs=4096 count=1'

## ----------------- ##
## Output variables. ##
## ----------------- ##

ACLOCAL='${SHELL} /home/hoyeonjigi/Downloads/ion-3.7.0/missing aclocal-1.15'
AMDEPBACKSLASH='\'
AMDEP_FALSE='#'
AMDEP_TRUE=''
AMTAR='$${TAR-tar}'
AM_BACKSLASH='\'
AM_CFLAGS=' -Dlinux -DSPACE_ORDER=3 -fno-strict-aliasing -DENABLE_BPACS -DENABLE_IMC -DENABLE_MANPAGES'
AM_DEFAULT_V='$(AM_DEFAULT_VERBOSITY)'
AM_DEFAULT_VERBOSITY='1'
AM_LDFLAGS=' -lpthread'
AM_LIBTOOLFLAGS=''
AM_V='$(V)'
AR='ar'
AUTOCONF='${SHELL} /home/hoyeonjigi/Downloads/ion-3.7.0/missing autoconf'
AUTOHEADER='${SHELL} /home/hoyeonjigi/Downloads/ion-3.7.0/missing autoheader'
AUTOMAKE='${SHELL} /home/hoyeonjigi/Downloads/ion-3.7.0/missing automake-1.15'
AWK='gawk'
BUILD_CONTRIB_FALSE=''
BUILD_CONTRIB_TRUE='#'
CC='gcc'
CCDEPMODE='depmode=gcc3'
CFLAGS='-g -O2 -DNOEXPAT'
CPP='gcc -E'
CPPFLAGS=''
CRYPTO_FALSE=''
CRYPTO_LIBS=''
CRYPTO_TRUE='#'
CYGPATH_W='echo'
DEFS='-DHAVE_CONFIG_H'
DEPDIR='.deps'
DLLTOOL='false'
DSYMUTIL=''
DUMPBIN=''
ECHO_C=''
ECHO_N='-n'
ECHO_T=''
EGREP='/bin/grep -E'
ENABLE_AUTODOC_FALSE=''
ENABLE_AUTODOC_TRUE='#'
ENABLE_BPACS_FALSE='#'
ENABLE_BPACS_TRUE=''
ENABLE_EXPAT_FALSE=''
ENABLE_EXPAT_TRUE='#'
ENABLE_GCOV_FALSE=''
ENABLE_GCOV_TRUE='#'
ENABLE_IMC_FALSE='#'
ENABLE_IMC_TRUE=''
ENABLE_MANPAGES_FALSE='#'
ENABLE_MANPAGES_TRUE=''
ENABLE_MYSQL_FALSE=''
ENABLE_MYSQL_TRUE='#'
ENABLE_NCURSES_FALSE=''
ENABLE_NCURSES_TRUE='#'
EXEEXT=''
EXPAT_LIBS=''
FGREP='/bin/grep -F'
GREP='/bin/grep'
GROFF='/usr/bin/groff'
GROFFMS=''
INSTALL_DATA='${INSTALL} -m 644'
INSTALL_PROGRAM='${INSTALL}'
INSTALL_SCRIPT='${INSTALL}'
INSTALL_STRIP_PROGRAM='$(install_sh) -c -s'
ION_NASA_B_FALSE=''
ION_NASA_B_TRUE='#'
LD='/usr/bin/ld -m elf_x86_64'
LDFLAGS=''
LIBOBJS=''
LIBS=''
LIBTOOL='$(SHELL) $(top_builddir)/libtool'
LINUX_BUILD_FALSE='#'
LINUX_BUILD_TRUE=''
LIPO=''
LN_S='ln -s'
LTLIBOBJS=''
LT_SYS_LIBRARY_PATH=''
MAKEINFO='${SHELL} /home/hoyeonjigi/Downloads/ion-3.7.0/missing makeinfo'
MANIFEST_TOOL=':'
MANOPTS='/usr/bin/man'
MKDIR_P='/bin/mkdir -p'
MYSQL_LIBS=''
NCURSES_LIBS=''
NM='/usr/bin/nm -B'
NMEDIT=''
OBJDUMP='objdump'
OBJEXT='o'
OTOOL64=''
OTOOL=''
PACKAGE='ion'
PACKAGE_BUGREPORT='http://korgano.eecs.ohiou.edu/mailman/listinfo/ion-bugs'
PACKAGE_NAME='ion'
PACKAGE_STRING='ion open source 3.7.0'
PACKAGE_TARNAME='ion'
PACKAGE_URL=''
PACKAGE_VERSION='open source 3.7.0'
PATH_SEPARATOR=':'
PDF2PS='/usr/bin/pdf2ps'
PDFJOIN='/home/hoyeonjigi/Downloads/ion-3.7.0/doc/pdfjoin'
POD_DOCUMENTATION='pod2man'
PS2PDF='/usr/bin/ps2pdf'
PSJOIN='/home/hoyeonjigi/Downloads/ion-3.7.0/doc/psjoin'
RANLIB='ranlib'
SED='/bin/sed'
SET_MAKE=''
SHELL='/bin/bash'
SOLARIS_STUDIO_CC_FALSE=''
SOLARIS_STUDIO_CC_TRUE='#'
STRIP='strip'
VALGRIND_COMPAT_CFLAGS=''
VERSION='open source 3.7.0'
ac_ct_AR='ar'
ac_ct_CC='gcc'
ac_ct_DUMPBIN=''
am__EXEEXT_FALSE=''
am__EXEEXT_TRUE='#'
am__fastdepCC_FALSE='#'
am__fastdepCC_TRUE=''
am__include='include'
am__isrc=''
am__leading_dot='.'
am__nodep='_no'
am__quote=''
am__tar='$${TAR-tar} chof - "$$tardir"'
am__untar='$${TAR-tar} xf -'
bindir='${exec_prefix}/bin'
build='x86_64-pc-linux-gnu'
build_alias=''
build_cpu='x86_64'
build_os='linux-gnu'
build_vendor='pc'
datadir='${datarootdir}'
datarootdir='${prefix}/share'
docdir='${datarootdir}/doc/${PACKAGE_TARNAME}'
dvidir='${docdir}'
exec_prefix='${prefix}'
host='x86_64-pc-linux-gnu'
host_alias=''
host_cpu='x86_64'
host_os='linux-gnu'
host_vendor='pc'
htmldir='${docdir}'
includedir='${prefix}/include'
infodir='${datarootdir}/info'
install_sh='${SHELL} /home/hoyeonjigi/Downloads/ion-3.7.0/install-sh'
libdir='${exec_prefix}/lib'
libexecdir='${exec_prefix}/libexec'
localedir='${datarootdir}/locale'
localstatedir='${prefix}/var'
mandir='${datarootdir}/man'
mkdir_p='$(MKDIR_P)'
oldincludedir='/usr/include'
pdfdir='${docdir}'
prefix='/usr/local'
program_transform_name='s,x,x,'
psdir='${docdir}'
runstatedir='${localstatedir}/run'
sbindir='${exec_prefix}/sbin'
sharedstatedir='${prefix}/com'
sysconfdir='${prefix}/etc'
target_alias=''

## ----------- ##
## confdefs.h. ##
## ----------- ##

/* confdefs.h */
#define PACKAGE_NAME "ion"
#define PACKAGE_TARNAME "ion"
#define PACKAGE_VERSION "open source 3.7.0"
#define PACKAGE_STRING "ion open source 3.7.0"
#define PACKAGE_BUGREPORT "http://korgano.eecs.ohiou.edu/mailman/listinfo/ion-bugs"
#define PACKAGE_URL ""
#define PACKAGE "ion"
#define VERSION "open source 3.7.0"
#define STDC_HEADERS 1
#define HAVE_SYS_TYPES_H 1
#define HAVE_SYS_STAT_H 1
#define HAVE_STDLIB_H 1
#define HAVE_STRING_H 1
#define HAVE_MEMORY_H 1
#define HAVE_STRINGS_H 1
#define HAVE_INTTYPES_H 1
#define HAVE_STDINT_H 1
#define HAVE_UNISTD_H 1
#define HAVE_DLFCN_H 1
#define LT_OBJDIR ".libs/"
#define linux 1
#define build_dccp 1
#define HAVE_DIRENT_H 1
#define STDC_HEADERS 1
#define HAVE_SYS_WAIT_H 1
#define HAVE_FCNTL_H 1
#define HAVE_MALLOC_H 1
#define HAVE_NETDB_H 1
#define HAVE_NETINET_IN_H 1
#define HAVE_STDDEF_H 1
#define HAVE_STDLIB_H 1
#define HAVE_STRING_H 1
#define HAVE_SYS_IOCTL_H 1
#define HAVE_SYS_PARAM_H 1
#define HAVE_SYS_SOCKET_H 1
#define HAVE_SYS_TIME_H 1
#define HAVE_UNISTD_H 1
#define TIME_WITH_SYS_TIME 1
#define HAVE_FORK 1
#define HAVE_VFORK 1
#define HAVE_WORKING_VFORK 1
#define HAVE_WORKING_FORK 1
#define RETSIGTYPE void
#define HAVE_ALARM 1
#define HAVE_FTRUNCATE 1
#define HAVE_GETCWD 1
#define HAVE_GETHOSTBYADDR 1
#define HAVE_GETHOSTBYNAME 1
#define HAVE_GETHOSTNAME 1
#define HAVE_GETTIMEOFDAY 1
#define HAVE_MEMSET 1
#define HAVE_MKDIR 1
#define HAVE_MKFIFO 1
#define HAVE_RMDIR 1
#define HAVE_SELECT 1
#define HAVE_SOCKET 1
#define HAVE_STRCASECMP 1
#define HAVE_STRCHR 1
#define HAVE_STRERROR 1
#define HAVE_STRNCASECMP 1
#define HAVE_STRSTR 1
#define HAVE_STRTOUL 1
#define HAVE_UNAME 1

configure: exit 0

## ---------------------- ##
## Running config.status. ##
## ---------------------- ##

This file was extended by ion config.status open source 3.7.0, which was
generated by GNU Autoconf 2.69.  Invocation command line was

  CONFIG_FILES    = 
  CONFIG_HEADERS  = 
  CONFIG_LINKS    = 
  CONFIG_COMMANDS = 
  $ ./config.status Makefile depfiles

on ubuntu

config.status:1170: creating Makefile
config.status:1399: executing depfiles commands

## ---------------------- ##
## Running config.status. ##
## ---------------------- ##

This file was extended by ion config.status open source 3.7.0, which was
generated by GNU Autoconf 2.69.  Invocation command line was

  CONFIG_FILES    = 
  CONFIG_HEADERS  = 
  CONFIG_LINKS    = 
  CONFIG_COMMANDS = 
  $ ./config.status Makefile depfiles

on ubuntu

config.status:1170: creating Makefile
config.status:1399: executing depfiles commands

## ---------------------- ##
## Running config.status. ##
## ---------------------- ##

This file was extended by ion config.status open source 3.7.0, which was
generated by GNU Autoconf 2.69.  Invocation command line was

  CONFIG_FILES    = 
  CONFIG_HEADERS  = 
  CONFIG_LINKS    = 
  CONFIG_COMMANDS = 
  $ ./config.status Makefile depfiles

on ubuntu

config.status:1170: creating Makefile
config.status:1399: executing depfiles commands
